0 info it worked if it ends with ok
1 verbose cli [ '/Users/AAravindan/.nvm/versions/node/v7.6.0/bin/node',
1 verbose cli   '/Users/AAravindan/.nvm/versions/node/v7.6.0/bin/npm',
1 verbose cli   'update' ]
2 info using npm@4.1.2
3 info using node@v7.6.0
4 silly mapToRegistry name entry-empty-emitter
5 silly mapToRegistry using default registry
6 silly mapToRegistry registry https://registry.npmjs.org/
7 silly mapToRegistry data Result {
7 silly mapToRegistry   raw: 'entry-empty-emitter',
7 silly mapToRegistry   scope: null,
7 silly mapToRegistry   escapedName: 'entry-empty-emitter',
7 silly mapToRegistry   name: 'entry-empty-emitter',
7 silly mapToRegistry   rawSpec: '',
7 silly mapToRegistry   spec: 'latest',
7 silly mapToRegistry   type: 'tag' }
8 silly mapToRegistry uri https://registry.npmjs.org/entry-empty-emitter
9 verbose request uri https://registry.npmjs.org/entry-empty-emitter
10 verbose request no auth needed
11 info attempt registry request try #1 at 9:33:41 AM
12 verbose request using bearer token for auth
13 verbose request id 38cd837113cfe943
14 http request GET https://registry.npmjs.org/entry-empty-emitter
15 http 200 https://registry.npmjs.org/entry-empty-emitter
16 verbose headers { server: 'nginx/1.10.1',
16 verbose headers   'content-type': 'application/json',
16 verbose headers   'last-modified': 'Sun, 15 Oct 2017 14:33:33 GMT',
16 verbose headers   etag: 'W/"59e371bd-18cd"',
16 verbose headers   'content-encoding': 'gzip',
16 verbose headers   'cache-control': 'max-age=300',
16 verbose headers   'transfer-encoding': 'chunked',
16 verbose headers   'accept-ranges': 'bytes',
16 verbose headers   date: 'Sun, 15 Oct 2017 14:33:41 GMT',
16 verbose headers   via: '1.1 varnish',
16 verbose headers   connection: 'keep-alive',
16 verbose headers   'x-served-by': 'cache-ord1747-ORD',
16 verbose headers   'x-cache': 'MISS',
16 verbose headers   'x-cache-hits': '0',
16 verbose headers   'x-timer': 'S1508078022.794925,VS0,VE19',
16 verbose headers   vary: 'Accept-Encoding, Accept' }
17 silly get cb [ 200,
17 silly get   { server: 'nginx/1.10.1',
17 silly get     'content-type': 'application/json',
17 silly get     'last-modified': 'Sun, 15 Oct 2017 14:33:33 GMT',
17 silly get     etag: 'W/"59e371bd-18cd"',
17 silly get     'content-encoding': 'gzip',
17 silly get     'cache-control': 'max-age=300',
17 silly get     'transfer-encoding': 'chunked',
17 silly get     'accept-ranges': 'bytes',
17 silly get     date: 'Sun, 15 Oct 2017 14:33:41 GMT',
17 silly get     via: '1.1 varnish',
17 silly get     connection: 'keep-alive',
17 silly get     'x-served-by': 'cache-ord1747-ORD',
17 silly get     'x-cache': 'MISS',
17 silly get     'x-cache-hits': '0',
17 silly get     'x-timer': 'S1508078022.794925,VS0,VE19',
17 silly get     vary: 'Accept-Encoding, Accept' } ]
18 verbose get saving entry-empty-emitter to /Users/AAravindan/.npm/registry.npmjs.org/entry-empty-emitter/.cache.json
19 verbose correctMkdir /Users/AAravindan/.npm correctMkdir not in flight; initializing
20 info outdated updating [ { dep:
20 info outdated      { package: [Object],
20 info outdated        path: '/Users/AAravindan/dev/simple-pubsub',
20 info outdated        parent: [Object],
20 info outdated        isMissing: true },
20 info outdated     depname: 'entry-empty-emitter',
20 info outdated     current: undefined,
20 info outdated     wanted: '1.0.5',
20 info outdated     latest: '1.0.5',
20 info outdated     req: '^1.0.5',
20 info outdated     what: 'entry-empty-emitter@1.0.5' } ]
21 silly loadCurrentTree Starting
22 silly install loadCurrentTree
23 silly install readLocalPackageData
24 silly fetchPackageMetaData entry-empty-emitter@1.0.5
25 silly fetchNamedPackageData entry-empty-emitter
26 silly mapToRegistry name entry-empty-emitter
27 silly mapToRegistry using default registry
28 silly mapToRegistry registry https://registry.npmjs.org/
29 silly mapToRegistry data Result {
29 silly mapToRegistry   raw: 'entry-empty-emitter',
29 silly mapToRegistry   scope: null,
29 silly mapToRegistry   escapedName: 'entry-empty-emitter',
29 silly mapToRegistry   name: 'entry-empty-emitter',
29 silly mapToRegistry   rawSpec: '',
29 silly mapToRegistry   spec: 'latest',
29 silly mapToRegistry   type: 'tag' }
30 silly mapToRegistry uri https://registry.npmjs.org/entry-empty-emitter
31 verbose get https://registry.npmjs.org/entry-empty-emitter not expired, no request
32 silly pickManifestFromRegistryMetadata spec 1.0.5 tag latest versions [ '1.0.1', '1.0.3', '1.0.4', '1.0.5' ]
33 silly install normalizeTree
34 silly loadCurrentTree Finishing
35 silly loadIdealTree Starting
36 silly install loadIdealTree
37 silly cloneCurrentTree Starting
38 silly install cloneCurrentTreeToIdealTree
39 silly cloneCurrentTree Finishing
40 silly loadShrinkwrap Starting
41 silly install loadShrinkwrap
42 silly loadShrinkwrap Finishing
43 silly loadAllDepsIntoIdealTree Starting
44 silly install loadAllDepsIntoIdealTree
45 silly resolveWithNewModule entry-empty-emitter@1.0.5 checking installable status
46 silly cache add args [ 'entry-empty-emitter@1.0.5', null ]
47 verbose cache add spec entry-empty-emitter@1.0.5
48 silly cache add parsed spec Result {
48 silly cache add   raw: 'entry-empty-emitter@1.0.5',
48 silly cache add   scope: null,
48 silly cache add   escapedName: 'entry-empty-emitter',
48 silly cache add   name: 'entry-empty-emitter',
48 silly cache add   rawSpec: '1.0.5',
48 silly cache add   spec: '1.0.5',
48 silly cache add   type: 'version' }
49 silly addNamed entry-empty-emitter@1.0.5
50 verbose addNamed "1.0.5" is a plain semver version for entry-empty-emitter
51 silly mapToRegistry name entry-empty-emitter
52 silly mapToRegistry using default registry
53 silly mapToRegistry registry https://registry.npmjs.org/
54 silly mapToRegistry data Result {
54 silly mapToRegistry   raw: 'entry-empty-emitter',
54 silly mapToRegistry   scope: null,
54 silly mapToRegistry   escapedName: 'entry-empty-emitter',
54 silly mapToRegistry   name: 'entry-empty-emitter',
54 silly mapToRegistry   rawSpec: '',
54 silly mapToRegistry   spec: 'latest',
54 silly mapToRegistry   type: 'tag' }
55 silly mapToRegistry uri https://registry.npmjs.org/entry-empty-emitter
56 verbose addNameVersion registry:https://registry.npmjs.org/entry-empty-emitter not in flight; fetching
57 verbose get https://registry.npmjs.org/entry-empty-emitter not expired, no request
58 silly cache afterAdd entry-empty-emitter@1.0.5
59 verbose afterAdd /Users/AAravindan/.npm/entry-empty-emitter/1.0.5/package/package.json not in flight; writing
60 verbose correctMkdir /Users/AAravindan/.npm correctMkdir not in flight; initializing
61 verbose afterAdd /Users/AAravindan/.npm/entry-empty-emitter/1.0.5/package/package.json written
62 silly loadAllDepsIntoIdealTree Finishing
63 silly loadIdealTree Finishing
64 silly currentTree simple-pubsub@1.0.3
64 silly currentTree └── entry-empty-emitter
65 silly idealTree simple-pubsub@1.0.3
65 silly idealTree └── entry-empty-emitter@1.0.5
66 silly generateActionsToTake Starting
67 silly install generateActionsToTake
68 warn checkPermissions Missing write access to /Users/AAravindan/dev/simple-pubsub/node_modules/entry-empty-emitter
69 silly rollbackFailedOptional Starting
70 silly rollbackFailedOptional Finishing
71 silly runTopLevelLifecycles Finishing
72 silly install printInstalled
73 verbose stack Error: ENOENT: no such file or directory, access '/Users/AAravindan/dev/simple-pubsub/node_modules/entry-empty-emitter'
74 verbose cwd /Users/AAravindan/dev/simple-pubsub
75 error Darwin 16.6.0
76 error argv "/Users/AAravindan/.nvm/versions/node/v7.6.0/bin/node" "/Users/AAravindan/.nvm/versions/node/v7.6.0/bin/npm" "update"
77 error node v7.6.0
78 error npm  v4.1.2
79 error path /Users/AAravindan/dev/simple-pubsub/node_modules/entry-empty-emitter
80 error code ENOENT
81 error errno -2
82 error syscall access
83 error enoent ENOENT: no such file or directory, access '/Users/AAravindan/dev/simple-pubsub/node_modules/entry-empty-emitter'
84 error enoent ENOENT: no such file or directory, access '/Users/AAravindan/dev/simple-pubsub/node_modules/entry-empty-emitter'
84 error enoent This is most likely not a problem with npm itself
84 error enoent and is related to npm not being able to find a file.
85 verbose exit [ -2, true ]
